This file contains any messages produced by compilers while
running configure, to aid debugging if configure makes a mistake.

It was created by libenet configure 1.3.13, which was
generated by GNU Autoconf 2.69.  Invocation command line was

  $ ./configure 

## --------- ##
## Platform. ##
## --------- ##

hostname = yt-16c624c05f0c
uname -m = i686
uname -r = 1.0.18(0.48/3/2)
uname -s = MINGW32_NT-5.1
uname -v = 2012-11-21 22:34

/usr/bin/uname -p = unknown
/bin/uname -X     = unknown

/bin/arch              = unknown
/usr/bin/arch -k       = unknown
/usr/convex/getsysinfo = unknown
/usr/bin/hostinfo      = unknown
/bin/machine           = unknown
/usr/bin/oslevel       = unknown
/bin/universe          = unknown

PATH: .
PATH: /usr/local/bin
PATH: /mingw/bin
PATH: /bin
PATH: /c/WINDOWS/system32
PATH: /c/WINDOWS
PATH: /c/WINDOWS/System32/Wbem
PATH: /mingw/bin
PATH: /d/Documents and Settings/tangyong/Local Settings/Application Data/Kingsoft/WPS Office/10.1.0.5511/office6


## ----------- ##
## Core tests. ##
## ----------- ##

configure:2268: checking for a BSD-compatible install
configure:2336: result: /bin/install -c
configure:2347: checking whether build environment is sane
configure:2402: result: yes
configure:2553: checking for a thread-safe mkdir -p
configure:2592: result: /bin/mkdir -p
configure:2599: checking for gawk
configure:2615: found /bin/gawk
configure:2626: result: gawk
configure:2637: checking whether make sets $(MAKE)
configure:2659: result: yes
configure:2688: checking whether make supports nested variables
configure:2705: result: yes
configure:2882: checking for gcc
configure:2898: found /mingw/bin/gcc
configure:2909: result: gcc
configure:3138: checking for C compiler version
configure:3147: gcc --version >&5
gcc.exe (GCC) 4.8.1
Copyright (C) 2013 Free Software Foundation, Inc.
This is free software; see the source for copying conditions.  There is NO
warranty; not even for MERCHANTABILITY or FITNESS FOR A PARTICULAR PURPOSE.

configure:3158: $? = 0
configure:3147: gcc -v >&5
Using built-in specs.
COLLECT_GCC=c:\mingw\bin\gcc.exe
COLLECT_LTO_WRAPPER=c:/mingw/bin/../libexec/gcc/mingw32/4.8.1/lto-wrapper.exe
Target: mingw32
Configured with: ../gcc-4.8.1/configure --prefix=/mingw --host=mingw32 --build=mingw32 --without-pic --enable-shared --enable-static --with-gnu-ld --enable-lto --enable-libssp --disable-multilib --enable-languages=c,c++,fortran,objc,obj-c++,ada --disable-sjlj-exceptions --with-dwarf2 --disable-win32-registry --enable-libstdcxx-debug --enable-version-specific-runtime-libs --with-gmp=/usr/src/pkg/gmp-5.1.2-1-mingw32-src/bld --with-mpc=/usr/src/pkg/mpc-1.0.1-1-mingw32-src/bld --with-mpfr= --with-system-zlib --with-gnu-as --enable-decimal-float=yes --enable-libgomp --enable-threads --with-libiconv-prefix=/mingw32 --with-libintl-prefix=/mingw --disable-bootstrap LDFLAGS=-s CFLAGS=-D_USE_32BIT_TIME_T
Thread model: win32
gcc version 4.8.1 (GCC) 
configure:3158: $? = 0
configure:3147: gcc -V >&5
gcc.exe: error: unrecognized command line option '-V'
gcc.exe: fatal error: no input files
compilation terminated.
configure:3158: $? = 1
configure:3147: gcc -qversion >&5
gcc.exe: error: unrecognized command line option '-qversion'
gcc.exe: fatal error: no input files
compilation terminated.
configure:3158: $? = 1
configure:3178: checking whether the C compiler works
configure:3200: gcc    conftest.c  >&5
configure:3204: $? = 0
configure:3252: result: yes
configure:3255: checking for C compiler default output file name
configure:3257: result: a.exe
configure:3263: checking for suffix of executables
configure:3270: gcc -o conftest.exe    conftest.c  >&5
configure:3274: $? = 0
configure:3296: result: .exe
configure:3318: checking whether we are cross compiling
configure:3326: gcc -o conftest.exe    conftest.c  >&5
configure:3330: $? = 0
configure:3337: ./conftest.exe
configure:3341: $? = 0
configure:3356: result: no
configure:3361: checking for suffix of object files
configure:3383: gcc -c   conftest.c >&5
configure:3387: $? = 0
configure:3408: result: o
configure:3412: checking whether we are using the GNU C compiler
configure:3431: gcc -c   conftest.c >&5
configure:3431: $? = 0
configure:3440: result: yes
configure:3449: checking whether gcc accepts -g
configure:3469: gcc -c -g  conftest.c >&5
configure:3469: $? = 0
configure:3510: result: yes
configure:3527: checking for gcc option to accept ISO C89
configure:3590: gcc  -c -g -O2  conftest.c >&5
configure:3590: $? = 0
configure:3603: result: none needed
configure:3628: checking whether gcc understands -c and -o together
configure:3650: gcc -c conftest.c -o conftest2.o
configure:3653: $? = 0
configure:3650: gcc -c conftest.c -o conftest2.o
configure:3653: $? = 0
configure:3665: result: yes
configure:3693: checking for style of include used by make
configure:3721: result: GNU
configure:3747: checking dependency style of gcc
configure:3858: result: gcc3
configure:3902: checking build system type
configure:3916: result: i686-pc-mingw32
configure:3936: checking host system type
configure:3949: result: i686-pc-mingw32
configure:3990: checking how to print strings
configure:4017: result: printf
configure:4038: checking for a sed that does not truncate output
configure:4102: result: /bin/sed
configure:4120: checking for grep that handles long lines and -e
configure:4178: result: /bin/grep
configure:4183: checking for egrep
configure:4245: result: /bin/grep -E
configure:4250: checking for fgrep
configure:4312: result: /bin/grep -F
configure:4347: checking for ld used by gcc
configure:4414: result: c:/mingw/mingw32/bin/ld.exe
configure:4421: checking if the linker (c:/mingw/mingw32/bin/ld.exe) is GNU ld
configure:4436: result: yes
configure:4448: checking for BSD- or MS-compatible name lister (nm)
configure:4497: result: /mingw/bin/nm
configure:4627: checking the name lister (/mingw/bin/nm) interface
configure:4634: gcc -c -g -O2  conftest.c >&5
configure:4637: /mingw/bin/nm "conftest.o"
configure:4640: output
00000000 b .bss
00000000 d .data
00000000 N .debug_abbrev
00000000 N .debug_aranges
00000000 N .debug_info
00000000 N .debug_line
00000000 r .rdata$zzz
00000000 t .text
00000000 B _some_variable
configure:4647: result: BSD nm
configure:4650: checking whether ln -s works
configure:4657: result: no, using cp -pR
configure:4662: checking the maximum length of command line arguments
configure:4793: result: 8192
configure:4810: checking whether the shell understands some XSI constructs
configure:4820: result: yes
configure:4824: checking whether the shell understands "+="
configure:4830: result: yes
configure:4865: checking how to convert i686-pc-mingw32 file names to i686-pc-mingw32 format
configure:4905: result: func_convert_file_msys_to_w32
configure:4912: checking how to convert i686-pc-mingw32 file names to toolchain format
configure:4932: result: func_convert_file_msys_to_w32
configure:4939: checking for c:/mingw/mingw32/bin/ld.exe option to reload object files
configure:4946: result: -r
configure:5020: checking for objdump
configure:5036: found /mingw/bin/objdump
configure:5047: result: objdump
configure:5079: checking how to recognize dependent libraries
configure:5277: result: file_magic ^x86 archive import|^x86 DLL
configure:5362: checking for dlltool
configure:5378: found /mingw/bin/dlltool
configure:5389: result: dlltool
configure:5422: checking how to associate runtime and link libraries
configure:5449: result: func_cygming_dll_for_implib
configure:5510: checking for ar
configure:5526: found /mingw/bin/ar
configure:5537: result: ar
configure:5574: checking for archiver @FILE support
configure:5591: gcc -c -g -O2  conftest.c >&5
configure:5591: $? = 0
configure:5594: ar cru libconftest.a @conftest.lst >&5
configure:5597: $? = 0
configure:5602: ar cru libconftest.a @conftest.lst >&5
c:\mingw\bin\ar.exe: conftest.o: No such file or directory
configure:5605: $? = 1
configure:5617: result: @
configure:5675: checking for strip
configure:5691: found /mingw/bin/strip
configure:5702: result: strip
configure:5774: checking for ranlib
configure:5790: found /mingw/bin/ranlib
configure:5801: result: ranlib
configure:5903: checking command to parse /mingw/bin/nm output from gcc object
configure:6023: gcc -c -g -O2  conftest.c >&5
configure:6026: $? = 0
configure:6030: /mingw/bin/nm conftest.o \| sed -n -e 's/^.*[ ]\([ABCDGIRSTW][ABCDGIRSTW]*\)[ ][ ]*\([_A-Za-z][_A-Za-z0-9]*\)\{0,1\}$/\1 \2 \2/p' | sed '/ __gnu_lto/d' \> conftest.nm
configure:6033: $? = 0
cannot find nm_test_var in conftest.nm
configure:6023: gcc -c -g -O2  conftest.c >&5
configure:6026: $? = 0
configure:6030: /mingw/bin/nm conftest.o \| sed -n -e 's/^.*[ ]\([ABCDGIRSTW][ABCDGIRSTW]*\)[ ][ ]*_\([_A-Za-z][_A-Za-z0-9]*\)\{0,1\}$/\1 _\2 \2/p' | sed '/ __gnu_lto/d' \> conftest.nm
configure:6033: $? = 0
configure:6099: gcc -o conftest.exe -g -O2   conftest.c conftstm.o >&5
configure:6102: $? = 0
configure:6140: result: ok
configure:6177: checking for sysroot
configure:6207: result: no
configure:6476: checking for mt
configure:6506: result: no
configure:6526: checking if : is a manifest tool
configure:6532: : '-?'
configure:6540: result: no
configure:7182: checking how to run the C preprocessor
configure:7213: gcc -E  conftest.c
configure:7213: $? = 0
configure:7227: gcc -E  conftest.c
conftest.c:11:28: fatal error: ac_nonexistent.h: No such file or directory
 #include <ac_nonexistent.h>
                            ^
compilation terminated.
configure:7227: $? = 1
configure: failed program was:
| /* confdefs.h */
| #define PACKAGE_NAME "libenet"
| #define PACKAGE_TARNAME "libenet"
| #define PACKAGE_VERSION "1.3.13"
| #define PACKAGE_STRING "libenet 1.3.13"
| #define PACKAGE_BUGREPORT ""
| #define PACKAGE_URL ""
| #define PACKAGE "libenet"
| #define VERSION "1.3.13"
| /* end confdefs.h.  */
| #include <ac_nonexistent.h>
configure:7252: result: gcc -E
configure:7272: gcc -E  conftest.c
configure:7272: $? = 0
configure:7286: gcc -E  conftest.c
conftest.c:11:28: fatal error: ac_nonexistent.h: No such file or directory
 #include <ac_nonexistent.h>
                            ^
compilation terminated.
configure:7286: $? = 1
configure: failed program was:
| /* confdefs.h */
| #define PACKAGE_NAME "libenet"
| #define PACKAGE_TARNAME "libenet"
| #define PACKAGE_VERSION "1.3.13"
| #define PACKAGE_STRING "libenet 1.3.13"
| #define PACKAGE_BUGREPORT ""
| #define PACKAGE_URL ""
| #define PACKAGE "libenet"
| #define VERSION "1.3.13"
| /* end confdefs.h.  */
| #include <ac_nonexistent.h>
configure:7315: checking for ANSI C header files
configure:7335: gcc -c -g -O2  conftest.c >&5
configure:7335: $? = 0
configure:7408: gcc -o conftest.exe -g -O2   conftest.c  >&5
configure:7408: $? = 0
configure:7408: ./conftest.exe
configure:7408: $? = 0
configure:7419: result: yes
configure:7432: checking for sys/types.h
configure:7432: gcc -c -g -O2  conftest.c >&5
configure:7432: $? = 0
configure:7432: result: yes
configure:7432: checking for sys/stat.h
configure:7432: gcc -c -g -O2  conftest.c >&5
configure:7432: $? = 0
configure:7432: result: yes
configure:7432: checking for stdlib.h
configure:7432: gcc -c -g -O2  conftest.c >&5
configure:7432: $? = 0
configure:7432: result: yes
configure:7432: checking for string.h
configure:7432: gcc -c -g -O2  conftest.c >&5
configure:7432: $? = 0
configure:7432: result: yes
configure:7432: checking for memory.h
configure:7432: gcc -c -g -O2  conftest.c >&5
configure:7432: $? = 0
configure:7432: result: yes
configure:7432: checking for strings.h
configure:7432: gcc -c -g -O2  conftest.c >&5
configure:7432: $? = 0
configure:7432: result: yes
configure:7432: checking for inttypes.h
configure:7432: gcc -c -g -O2  conftest.c >&5
configure:7432: $? = 0
configure:7432: result: yes
configure:7432: checking for stdint.h
configure:7432: gcc -c -g -O2  conftest.c >&5
configure:7432: $? = 0
configure:7432: result: yes
configure:7432: checking for unistd.h
configure:7432: gcc -c -g -O2  conftest.c >&5
configure:7432: $? = 0
configure:7432: result: yes
configure:7446: checking for dlfcn.h
configure:7446: gcc -c -g -O2  conftest.c >&5
configure:7446: $? = 0
configure:7446: result: yes
configure:7652: checking for objdir
configure:7667: result: .libs
configure:7938: checking if gcc supports -fno-rtti -fno-exceptions
configure:7956: gcc -c -g -O2  -fno-rtti -fno-exceptions conftest.c >&5
cc1.exe: warning: command line option '-fno-rtti' is valid for C++/ObjC++ but not for C [enabled by default]
configure:7960: $? = 0
configure:7973: result: no
configure:8300: checking for gcc option to produce PIC
configure:8307: result: -DDLL_EXPORT -DPIC
configure:8315: checking if gcc PIC flag -DDLL_EXPORT -DPIC works
configure:8333: gcc -c -g -O2  -DDLL_EXPORT -DPIC -DPIC conftest.c >&5
configure:8337: $? = 0
configure:8350: result: yes
configure:8379: checking if gcc static flag -static works
configure:8407: result: yes
configure:8422: checking if gcc supports -c -o file.o
configure:8443: gcc -c -g -O2  -o out/conftest2.o conftest.c >&5
configure:8447: $? = 0
configure:8469: result: yes
configure:8477: checking if gcc supports -c -o file.o
configure:8524: result: yes
configure:8557: checking whether the gcc linker (c:/mingw/mingw32/bin/ld.exe) supports shared libraries
configure:9714: result: yes
configure:9751: checking whether -lc should be explicitly linked in
configure:9759: gcc -c -g -O2  conftest.c >&5
configure:9762: $? = 0
configure:9777: gcc -shared conftest.o  -v -o ./conftest -Wl,--enable-auto-image-base -Xlinker --out-implib -Xlinker conftest 2\>\&1 \| /bin/grep  -lc  \>/dev/null 2\>\&1
configure:9780: $? = 1
configure:9794: result: yes
configure:9954: checking dynamic linker characteristics
configure:10688: result: Win32 ld.exe
configure:10795: checking how to hardcode library paths into programs
configure:10820: result: immediate
configure:11360: checking whether stripping libraries is possible
configure:11365: result: yes
configure:11400: checking if libtool supports shared libraries
configure:11402: result: yes
configure:11405: checking whether to build shared libraries
configure:11426: result: yes
configure:11429: checking whether to build static libraries
configure:11433: result: yes
configure:11471: checking for gethostbyaddr_r
configure:11471: gcc -o conftest.exe -g -O2   conftest.c  >&5
C:\DOCUME~1\tangyong\LOCALS~1\Temp\ccooe23V.o: In function `main':
e:\source\CodingLearners\third-sources\cross-platform\enet-1.3.13-multicast/conftest.c:57: undefined reference to `gethostbyaddr_r'
collect2.exe: error: ld returned 1 exit status
configure:11471: $? = 1
configure: failed program was:
| /* confdefs.h */
| #define PACKAGE_NAME "libenet"
| #define PACKAGE_TARNAME "libenet"
| #define PACKAGE_VERSION "1.3.13"
| #define PACKAGE_STRING "libenet 1.3.13"
| #define PACKAGE_BUGREPORT ""
| #define PACKAGE_URL ""
| #define PACKAGE "libenet"
| #define VERSION "1.3.13"
| #define STDC_HEADERS 1
| #define HAVE_SYS_TYPES_H 1
| #define HAVE_SYS_STAT_H 1
| #define HAVE_STDLIB_H 1
| #define HAVE_STRING_H 1
| #define HAVE_MEMORY_H 1
| #define HAVE_STRINGS_H 1
| #define HAVE_INTTYPES_H 1
| #define HAVE_STDINT_H 1
| #define HAVE_UNISTD_H 1
| #define HAVE_DLFCN_H 1
| #define LT_OBJDIR ".libs/"
| /* end confdefs.h.  */
| /* Define gethostbyaddr_r to an innocuous variant, in case <limits.h> declares gethostbyaddr_r.
|    For example, HP-UX 11i <limits.h> declares gettimeofday.  */
| #define gethostbyaddr_r innocuous_gethostbyaddr_r
| 
| /* System header to define __stub macros and hopefully few prototypes,
|     which can conflict with char gethostbyaddr_r (); below.
|     Prefer <limits.h> to <assert.h> if __STDC__ is defined, since
|     <limits.h> exists even on freestanding compilers.  */
| 
| #ifdef __STDC__
| # include <limits.h>
| #else
| # include <assert.h>
| #endif
| 
| #undef gethostbyaddr_r
| 
| /* Override any GCC internal prototype to avoid an error.
|    Use char because int might match the return type of a GCC
|    builtin and then its argument prototype would still apply.  */
| #ifdef __cplusplus
| extern "C"
| #endif
| char gethostbyaddr_r ();
| /* The GNU C library defines this for functions which it implements
|     to always fail with ENOSYS.  Some functions are actually named
|     something starting with __ and the normal name is an alias.  */
| #if defined __stub_gethostbyaddr_r || defined __stub___gethostbyaddr_r
| choke me
| #endif
| 
| int
| main ()
| {
| return gethostbyaddr_r ();
|   ;
|   return 0;
| }
configure:11471: result: no
configure:11477: checking for gethostbyname_r
configure:11477: gcc -o conftest.exe -g -O2   conftest.c  >&5
C:\DOCUME~1\tangyong\LOCALS~1\Temp\ccwYhvXE.o: In function `main':
e:\source\CodingLearners\third-sources\cross-platform\enet-1.3.13-multicast/conftest.c:57: undefined reference to `gethostbyname_r'
collect2.exe: error: ld returned 1 exit status
configure:11477: $? = 1
configure: failed program was:
| /* confdefs.h */
| #define PACKAGE_NAME "libenet"
| #define PACKAGE_TARNAME "libenet"
| #define PACKAGE_VERSION "1.3.13"
| #define PACKAGE_STRING "libenet 1.3.13"
| #define PACKAGE_BUGREPORT ""
| #define PACKAGE_URL ""
| #define PACKAGE "libenet"
| #define VERSION "1.3.13"
| #define STDC_HEADERS 1
| #define HAVE_SYS_TYPES_H 1
| #define HAVE_SYS_STAT_H 1
| #define HAVE_STDLIB_H 1
| #define HAVE_STRING_H 1
| #define HAVE_MEMORY_H 1
| #define HAVE_STRINGS_H 1
| #define HAVE_INTTYPES_H 1
| #define HAVE_STDINT_H 1
| #define HAVE_UNISTD_H 1
| #define HAVE_DLFCN_H 1
| #define LT_OBJDIR ".libs/"
| /* end confdefs.h.  */
| /* Define gethostbyname_r to an innocuous variant, in case <limits.h> declares gethostbyname_r.
|    For example, HP-UX 11i <limits.h> declares gettimeofday.  */
| #define gethostbyname_r innocuous_gethostbyname_r
| 
| /* System header to define __stub macros and hopefully few prototypes,
|     which can conflict with char gethostbyname_r (); below.
|     Prefer <limits.h> to <assert.h> if __STDC__ is defined, since
|     <limits.h> exists even on freestanding compilers.  */
| 
| #ifdef __STDC__
| # include <limits.h>
| #else
| # include <assert.h>
| #endif
| 
| #undef gethostbyname_r
| 
| /* Override any GCC internal prototype to avoid an error.
|    Use char because int might match the return type of a GCC
|    builtin and then its argument prototype would still apply.  */
| #ifdef __cplusplus
| extern "C"
| #endif
| char gethostbyname_r ();
| /* The GNU C library defines this for functions which it implements
|     to always fail with ENOSYS.  Some functions are actually named
|     something starting with __ and the normal name is an alias.  */
| #if defined __stub_gethostbyname_r || defined __stub___gethostbyname_r
| choke me
| #endif
| 
| int
| main ()
| {
| return gethostbyname_r ();
|   ;
|   return 0;
| }
configure:11477: result: no
configure:11483: checking for poll
configure:11483: gcc -o conftest.exe -g -O2   conftest.c  >&5
C:\DOCUME~1\tangyong\LOCALS~1\Temp\cctXwTQu.o: In function `main':
e:\source\CodingLearners\third-sources\cross-platform\enet-1.3.13-multicast/conftest.c:57: undefined reference to `poll'
collect2.exe: error: ld returned 1 exit status
configure:11483: $? = 1
configure: failed program was:
| /* confdefs.h */
| #define PACKAGE_NAME "libenet"
| #define PACKAGE_TARNAME "libenet"
| #define PACKAGE_VERSION "1.3.13"
| #define PACKAGE_STRING "libenet 1.3.13"
| #define PACKAGE_BUGREPORT ""
| #define PACKAGE_URL ""
| #define PACKAGE "libenet"
| #define VERSION "1.3.13"
| #define STDC_HEADERS 1
| #define HAVE_SYS_TYPES_H 1
| #define HAVE_SYS_STAT_H 1
| #define HAVE_STDLIB_H 1
| #define HAVE_STRING_H 1
| #define HAVE_MEMORY_H 1
| #define HAVE_STRINGS_H 1
| #define HAVE_INTTYPES_H 1
| #define HAVE_STDINT_H 1
| #define HAVE_UNISTD_H 1
| #define HAVE_DLFCN_H 1
| #define LT_OBJDIR ".libs/"
| /* end confdefs.h.  */
| /* Define poll to an innocuous variant, in case <limits.h> declares poll.
|    For example, HP-UX 11i <limits.h> declares gettimeofday.  */
| #define poll innocuous_poll
| 
| /* System header to define __stub macros and hopefully few prototypes,
|     which can conflict with char poll (); below.
|     Prefer <limits.h> to <assert.h> if __STDC__ is defined, since
|     <limits.h> exists even on freestanding compilers.  */
| 
| #ifdef __STDC__
| # include <limits.h>
| #else
| # include <assert.h>
| #endif
| 
| #undef poll
| 
| /* Override any GCC internal prototype to avoid an error.
|    Use char because int might match the return type of a GCC
|    builtin and then its argument prototype would still apply.  */
| #ifdef __cplusplus
| extern "C"
| #endif
| char poll ();
| /* The GNU C library defines this for functions which it implements
|     to always fail with ENOSYS.  Some functions are actually named
|     something starting with __ and the normal name is an alias.  */
| #if defined __stub_poll || defined __stub___poll
| choke me
| #endif
| 
| int
| main ()
| {
| return poll ();
|   ;
|   return 0;
| }
configure:11483: result: no
configure:11489: checking for fcntl
configure:11489: gcc -o conftest.exe -g -O2   conftest.c  >&5
C:\DOCUME~1\tangyong\LOCALS~1\Temp\ccWkuVS8.o: In function `main':
e:\source\CodingLearners\third-sources\cross-platform\enet-1.3.13-multicast/conftest.c:57: undefined reference to `fcntl'
collect2.exe: error: ld returned 1 exit status
configure:11489: $? = 1
configure: failed program was:
| /* confdefs.h */
| #define PACKAGE_NAME "libenet"
| #define PACKAGE_TARNAME "libenet"
| #define PACKAGE_VERSION "1.3.13"
| #define PACKAGE_STRING "libenet 1.3.13"
| #define PACKAGE_BUGREPORT ""
| #define PACKAGE_URL ""
| #define PACKAGE "libenet"
| #define VERSION "1.3.13"
| #define STDC_HEADERS 1
| #define HAVE_SYS_TYPES_H 1
| #define HAVE_SYS_STAT_H 1
| #define HAVE_STDLIB_H 1
| #define HAVE_STRING_H 1
| #define HAVE_MEMORY_H 1
| #define HAVE_STRINGS_H 1
| #define HAVE_INTTYPES_H 1
| #define HAVE_STDINT_H 1
| #define HAVE_UNISTD_H 1
| #define HAVE_DLFCN_H 1
| #define LT_OBJDIR ".libs/"
| /* end confdefs.h.  */
| /* Define fcntl to an innocuous variant, in case <limits.h> declares fcntl.
|    For example, HP-UX 11i <limits.h> declares gettimeofday.  */
| #define fcntl innocuous_fcntl
| 
| /* System header to define __stub macros and hopefully few prototypes,
|     which can conflict with char fcntl (); below.
|     Prefer <limits.h> to <assert.h> if __STDC__ is defined, since
|     <limits.h> exists even on freestanding compilers.  */
| 
| #ifdef __STDC__
| # include <limits.h>
| #else
| # include <assert.h>
| #endif
| 
| #undef fcntl
| 
| /* Override any GCC internal prototype to avoid an error.
|    Use char because int might match the return type of a GCC
|    builtin and then its argument prototype would still apply.  */
| #ifdef __cplusplus
| extern "C"
| #endif
| char fcntl ();
| /* The GNU C library defines this for functions which it implements
|     to always fail with ENOSYS.  Some functions are actually named
|     something starting with __ and the normal name is an alias.  */
| #if defined __stub_fcntl || defined __stub___fcntl
| choke me
| #endif
| 
| int
| main ()
| {
| return fcntl ();
|   ;
|   return 0;
| }
configure:11489: result: no
configure:11495: checking for inet_pton
configure:11495: gcc -o conftest.exe -g -O2   conftest.c  >&5
C:\DOCUME~1\tangyong\LOCALS~1\Temp\ccQ3rRHS.o: In function `main':
e:\source\CodingLearners\third-sources\cross-platform\enet-1.3.13-multicast/conftest.c:57: undefined reference to `inet_pton'
collect2.exe: error: ld returned 1 exit status
configure:11495: $? = 1
configure: failed program was:
| /* confdefs.h */
| #define PACKAGE_NAME "libenet"
| #define PACKAGE_TARNAME "libenet"
| #define PACKAGE_VERSION "1.3.13"
| #define PACKAGE_STRING "libenet 1.3.13"
| #define PACKAGE_BUGREPORT ""
| #define PACKAGE_URL ""
| #define PACKAGE "libenet"
| #define VERSION "1.3.13"
| #define STDC_HEADERS 1
| #define HAVE_SYS_TYPES_H 1
| #define HAVE_SYS_STAT_H 1
| #define HAVE_STDLIB_H 1
| #define HAVE_STRING_H 1
| #define HAVE_MEMORY_H 1
| #define HAVE_STRINGS_H 1
| #define HAVE_INTTYPES_H 1
| #define HAVE_STDINT_H 1
| #define HAVE_UNISTD_H 1
| #define HAVE_DLFCN_H 1
| #define LT_OBJDIR ".libs/"
| /* end confdefs.h.  */
| /* Define inet_pton to an innocuous variant, in case <limits.h> declares inet_pton.
|    For example, HP-UX 11i <limits.h> declares gettimeofday.  */
| #define inet_pton innocuous_inet_pton
| 
| /* System header to define __stub macros and hopefully few prototypes,
|     which can conflict with char inet_pton (); below.
|     Prefer <limits.h> to <assert.h> if __STDC__ is defined, since
|     <limits.h> exists even on freestanding compilers.  */
| 
| #ifdef __STDC__
| # include <limits.h>
| #else
| # include <assert.h>
| #endif
| 
| #undef inet_pton
| 
| /* Override any GCC internal prototype to avoid an error.
|    Use char because int might match the return type of a GCC
|    builtin and then its argument prototype would still apply.  */
| #ifdef __cplusplus
| extern "C"
| #endif
| char inet_pton ();
| /* The GNU C library defines this for functions which it implements
|     to always fail with ENOSYS.  Some functions are actually named
|     something starting with __ and the normal name is an alias.  */
| #if defined __stub_inet_pton || defined __stub___inet_pton
| choke me
| #endif
| 
| int
| main ()
| {
| return inet_pton ();
|   ;
|   return 0;
| }
configure:11495: result: no
configure:11501: checking for inet_ntop
configure:11501: gcc -o conftest.exe -g -O2   conftest.c  >&5
C:\DOCUME~1\tangyong\LOCALS~1\Temp\ccWK7d5D.o: In function `main':
e:\source\CodingLearners\third-sources\cross-platform\enet-1.3.13-multicast/conftest.c:57: undefined reference to `inet_ntop'
collect2.exe: error: ld returned 1 exit status
configure:11501: $? = 1
configure: failed program was:
| /* confdefs.h */
| #define PACKAGE_NAME "libenet"
| #define PACKAGE_TARNAME "libenet"
| #define PACKAGE_VERSION "1.3.13"
| #define PACKAGE_STRING "libenet 1.3.13"
| #define PACKAGE_BUGREPORT ""
| #define PACKAGE_URL ""
| #define PACKAGE "libenet"
| #define VERSION "1.3.13"
| #define STDC_HEADERS 1
| #define HAVE_SYS_TYPES_H 1
| #define HAVE_SYS_STAT_H 1
| #define HAVE_STDLIB_H 1
| #define HAVE_STRING_H 1
| #define HAVE_MEMORY_H 1
| #define HAVE_STRINGS_H 1
| #define HAVE_INTTYPES_H 1
| #define HAVE_STDINT_H 1
| #define HAVE_UNISTD_H 1
| #define HAVE_DLFCN_H 1
| #define LT_OBJDIR ".libs/"
| /* end confdefs.h.  */
| /* Define inet_ntop to an innocuous variant, in case <limits.h> declares inet_ntop.
|    For example, HP-UX 11i <limits.h> declares gettimeofday.  */
| #define inet_ntop innocuous_inet_ntop
| 
| /* System header to define __stub macros and hopefully few prototypes,
|     which can conflict with char inet_ntop (); below.
|     Prefer <limits.h> to <assert.h> if __STDC__ is defined, since
|     <limits.h> exists even on freestanding compilers.  */
| 
| #ifdef __STDC__
| # include <limits.h>
| #else
| # include <assert.h>
| #endif
| 
| #undef inet_ntop
| 
| /* Override any GCC internal prototype to avoid an error.
|    Use char because int might match the return type of a GCC
|    builtin and then its argument prototype would still apply.  */
| #ifdef __cplusplus
| extern "C"
| #endif
| char inet_ntop ();
| /* The GNU C library defines this for functions which it implements
|     to always fail with ENOSYS.  Some functions are actually named
|     something starting with __ and the normal name is an alias.  */
| #if defined __stub_inet_ntop || defined __stub___inet_ntop
| choke me
| #endif
| 
| int
| main ()
| {
| return inet_ntop ();
|   ;
|   return 0;
| }
configure:11501: result: no
configure:11508: checking for struct msghdr.msg_flags
configure:11508: gcc -c -g -O2  conftest.c >&5
conftest.c:23:24: fatal error: sys/socket.h: No such file or directory
 #include <sys/socket.h>
                        ^
compilation terminated.
configure:11508: $? = 1
configure: failed program was:
| /* confdefs.h */
| #define PACKAGE_NAME "libenet"
| #define PACKAGE_TARNAME "libenet"
| #define PACKAGE_VERSION "1.3.13"
| #define PACKAGE_STRING "libenet 1.3.13"
| #define PACKAGE_BUGREPORT ""
| #define PACKAGE_URL ""
| #define PACKAGE "libenet"
| #define VERSION "1.3.13"
| #define STDC_HEADERS 1
| #define HAVE_SYS_TYPES_H 1
| #define HAVE_SYS_STAT_H 1
| #define HAVE_STDLIB_H 1
| #define HAVE_STRING_H 1
| #define HAVE_MEMORY_H 1
| #define HAVE_STRINGS_H 1
| #define HAVE_INTTYPES_H 1
| #define HAVE_STDINT_H 1
| #define HAVE_UNISTD_H 1
| #define HAVE_DLFCN_H 1
| #define LT_OBJDIR ".libs/"
| /* end confdefs.h.  */
| #include <sys/socket.h>
| 
| int
| main ()
| {
| static struct msghdr ac_aggr;
| if (ac_aggr.msg_flags)
| return 0;
|   ;
|   return 0;
| }
configure:11508: gcc -c -g -O2  conftest.c >&5
conftest.c:23:24: fatal error: sys/socket.h: No such file or directory
 #include <sys/socket.h>
                        ^
compilation terminated.
configure:11508: $? = 1
configure: failed program was:
| /* confdefs.h */
| #define PACKAGE_NAME "libenet"
| #define PACKAGE_TARNAME "libenet"
| #define PACKAGE_VERSION "1.3.13"
| #define PACKAGE_STRING "libenet 1.3.13"
| #define PACKAGE_BUGREPORT ""
| #define PACKAGE_URL ""
| #define PACKAGE "libenet"
| #define VERSION "1.3.13"
| #define STDC_HEADERS 1
| #define HAVE_SYS_TYPES_H 1
| #define HAVE_SYS_STAT_H 1
| #define HAVE_STDLIB_H 1
| #define HAVE_STRING_H 1
| #define HAVE_MEMORY_H 1
| #define HAVE_STRINGS_H 1
| #define HAVE_INTTYPES_H 1
| #define HAVE_STDINT_H 1
| #define HAVE_UNISTD_H 1
| #define HAVE_DLFCN_H 1
| #define LT_OBJDIR ".libs/"
| /* end confdefs.h.  */
| #include <sys/socket.h>
| 
| int
| main ()
| {
| static struct msghdr ac_aggr;
| if (sizeof ac_aggr.msg_flags)
| return 0;
|   ;
|   return 0;
| }
configure:11508: result: no
configure:11516: checking for socklen_t
configure:11516: gcc -c -g -O2  conftest.c >&5
conftest.c:24:38: fatal error: sys/socket.h: No such file or directory
               #include <sys/socket.h>
                                      ^
compilation terminated.
configure:11516: $? = 1
configure: failed program was:
| /* confdefs.h */
| #define PACKAGE_NAME "libenet"
| #define PACKAGE_TARNAME "libenet"
| #define PACKAGE_VERSION "1.3.13"
| #define PACKAGE_STRING "libenet 1.3.13"
| #define PACKAGE_BUGREPORT ""
| #define PACKAGE_URL ""
| #define PACKAGE "libenet"
| #define VERSION "1.3.13"
| #define STDC_HEADERS 1
| #define HAVE_SYS_TYPES_H 1
| #define HAVE_SYS_STAT_H 1
| #define HAVE_STDLIB_H 1
| #define HAVE_STRING_H 1
| #define HAVE_MEMORY_H 1
| #define HAVE_STRINGS_H 1
| #define HAVE_INTTYPES_H 1
| #define HAVE_STDINT_H 1
| #define HAVE_UNISTD_H 1
| #define HAVE_DLFCN_H 1
| #define LT_OBJDIR ".libs/"
| /* end confdefs.h.  */
| #include <sys/types.h>
|               #include <sys/socket.h>
| 
| 
| int
| main ()
| {
| if (sizeof (socklen_t))
| 	 return 0;
|   ;
|   return 0;
| }
configure:11516: result: no
configure:11673: checking that generated files are newer than configure
configure:11679: result: done
configure:11702: creating ./config.status

## ---------------------- ##
## Running config.status. ##
## ---------------------- ##

This file was extended by libenet config.status 1.3.13, which was
generated by GNU Autoconf 2.69.  Invocation command line was

  CONFIG_FILES    = 
  CONFIG_HEADERS  = 
  CONFIG_LINKS    = 
  CONFIG_COMMANDS = 
  $ ./config.status 

on yt-16c624c05f0c

config.status:1016: creating Makefile
config.status:1016: creating libenet.pc
config.status:1188: executing depfiles commands
config.status:1188: executing libtool commands

## ---------------- ##
## Cache variables. ##
## ---------------- ##

ac_cv_build=i686-pc-mingw32
ac_cv_c_compiler_gnu=yes
ac_cv_env_CC_set=
ac_cv_env_CC_value=
ac_cv_env_CFLAGS_set=
ac_cv_env_CFLAGS_value=
ac_cv_env_CPPFLAGS_set=
ac_cv_env_CPPFLAGS_value=
ac_cv_env_CPP_set=
ac_cv_env_CPP_value=
ac_cv_env_LDFLAGS_set=
ac_cv_env_LDFLAGS_value=
ac_cv_env_LIBS_set=
ac_cv_env_LIBS_value=
ac_cv_env_build_alias_set=
ac_cv_env_build_alias_value=
ac_cv_env_host_alias_set=
ac_cv_env_host_alias_value=
ac_cv_env_target_alias_set=
ac_cv_env_target_alias_value=
ac_cv_exeext=.exe
ac_cv_func_fcntl=no
ac_cv_func_gethostbyaddr_r=no
ac_cv_func_gethostbyname_r=no
ac_cv_func_inet_ntop=no
ac_cv_func_inet_pton=no
ac_cv_func_poll=no
ac_cv_header_dlfcn_h=yes
ac_cv_header_inttypes_h=yes
ac_cv_header_memory_h=yes
ac_cv_header_stdc=yes
ac_cv_header_stdint_h=yes
ac_cv_header_stdlib_h=yes
ac_cv_header_string_h=yes
ac_cv_header_strings_h=yes
ac_cv_header_sys_stat_h=yes
ac_cv_header_sys_types_h=yes
ac_cv_header_unistd_h=yes
ac_cv_host=i686-pc-mingw32
ac_cv_member_struct_msghdr_msg_flags=no
ac_cv_objext=o
ac_cv_path_EGREP='/bin/grep -E'
ac_cv_path_FGREP='/bin/grep -F'
ac_cv_path_GREP=/bin/grep
ac_cv_path_SED=/bin/sed
ac_cv_path_install='/bin/install -c'
ac_cv_path_mkdir=/bin/mkdir
ac_cv_prog_AWK=gawk
ac_cv_prog_CPP='gcc -E'
ac_cv_prog_ac_ct_AR=ar
ac_cv_prog_ac_ct_CC=gcc
ac_cv_prog_ac_ct_DLLTOOL=dlltool
ac_cv_prog_ac_ct_OBJDUMP=objdump
ac_cv_prog_ac_ct_RANLIB=ranlib
ac_cv_prog_ac_ct_STRIP=strip
ac_cv_prog_cc_c89=
ac_cv_prog_cc_g=yes
ac_cv_prog_make_make_set=yes
ac_cv_type_socklen_t=no
am_cv_CC_dependencies_compiler_type=gcc3
am_cv_make_support_nested_variables=yes
am_cv_prog_cc_c_o=yes
lt_cv_ar_at_file=@
lt_cv_archive_cmds_need_lc=yes
lt_cv_deplibs_check_method='file_magic ^x86 archive import|^x86 DLL'
lt_cv_file_magic_cmd=func_win32_libid
lt_cv_file_magic_test_file=
lt_cv_ld_reload_flag=-r
lt_cv_nm_interface='BSD nm'
lt_cv_objdir=.libs
lt_cv_path_LD=c:/mingw/mingw32/bin/ld.exe
lt_cv_path_NM=/mingw/bin/nm
lt_cv_path_mainfest_tool=no
lt_cv_prog_compiler_c_o=yes
lt_cv_prog_compiler_pic='-DDLL_EXPORT -DPIC'
lt_cv_prog_compiler_pic_works=yes
lt_cv_prog_compiler_rtti_exceptions=no
lt_cv_prog_compiler_static_works=yes
lt_cv_prog_gnu_ld=yes
lt_cv_sharedlib_from_linklib_cmd=func_cygming_dll_for_implib
lt_cv_sys_global_symbol_pipe='sed -n -e '\''s/^.*[	 ]\([ABCDGIRSTW][ABCDGIRSTW]*\)[	 ][	 ]*_\([_A-Za-z][_A-Za-z0-9]*\)\{0,1\}$/\1 _\2 \2/p'\'' | sed '\''/ __gnu_lto/d'\'''
lt_cv_sys_global_symbol_to_c_name_address='sed -n -e '\''s/^: \([^ ]*\)[ ]*$/  {\"\1\", (void *) 0},/p'\'' -e '\''s/^[ABCDGIRSTW]* \([^ ]*\) \([^ ]*\)$/  {"\2", (void *) \&\2},/p'\'''
lt_cv_sys_global_symbol_to_c_name_address_lib_prefix='sed -n -e '\''s/^: \([^ ]*\)[ ]*$/  {\"\1\", (void *) 0},/p'\'' -e '\''s/^[ABCDGIRSTW]* \([^ ]*\) \(lib[^ ]*\)$/  {"\2", (void *) \&\2},/p'\'' -e '\''s/^[ABCDGIRSTW]* \([^ ]*\) \([^ ]*\)$/  {"lib\2", (void *) \&\2},/p'\'''
lt_cv_sys_global_symbol_to_cdecl='sed -n -e '\''s/^T .* \(.*\)$/extern int \1();/p'\'' -e '\''s/^[ABCDGIRSTW]* .* \(.*\)$/extern char \1;/p'\'''
lt_cv_sys_max_cmd_len=8192
lt_cv_to_host_file_cmd=func_convert_file_msys_to_w32
lt_cv_to_tool_file_cmd=func_convert_file_msys_to_w32

## ----------------- ##
## Output variables. ##
## ----------------- ##

ACLOCAL='${SHELL} /source/CodingLearners/third-sources/cross-platform/enet-1.3.13-multicast/missing aclocal-1.14'
AMDEPBACKSLASH='\'
AMDEP_FALSE='#'
AMDEP_TRUE=''
AMTAR='$${TAR-tar}'
AM_BACKSLASH='\'
AM_DEFAULT_V='$(AM_DEFAULT_VERBOSITY)'
AM_DEFAULT_VERBOSITY='1'
AM_V='$(V)'
AR='ar'
AUTOCONF='${SHELL} /source/CodingLearners/third-sources/cross-platform/enet-1.3.13-multicast/missing autoconf'
AUTOHEADER='${SHELL} /source/CodingLearners/third-sources/cross-platform/enet-1.3.13-multicast/missing autoheader'
AUTOMAKE='${SHELL} /source/CodingLearners/third-sources/cross-platform/enet-1.3.13-multicast/missing automake-1.14'
AWK='gawk'
CC='gcc'
CCDEPMODE='depmode=gcc3'
CFLAGS='-g -O2'
CPP='gcc -E'
CPPFLAGS=''
CYGPATH_W='echo'
DEFS='-DPACKAGE_NAME=\"libenet\" -DPACKAGE_TARNAME=\"libenet\" -DPACKAGE_VERSION=\"1.3.13\" -DPACKAGE_STRING=\"libenet\ 1.3.13\" -DPACKAGE_BUGREPORT=\"\" -DPACKAGE_URL=\"\" -DPACKAGE=\"libenet\" -DVERSION=\"1.3.13\" -DSTDC_HEADERS=1 -DHAVE_SYS_TYPES_H=1 -DHAVE_SYS_STAT_H=1 -DHAVE_STDLIB_H=1 -DHAVE_STRING_H=1 -DHAVE_MEMORY_H=1 -DHAVE_STRINGS_H=1 -DHAVE_INTTYPES_H=1 -DHAVE_STDINT_H=1 -DHAVE_UNISTD_H=1 -DHAVE_DLFCN_H=1 -DLT_OBJDIR=\".libs/\"'
DEPDIR='.deps'
DLLTOOL='dlltool'
DSYMUTIL=''
DUMPBIN=''
ECHO_C=''
ECHO_N='-n'
ECHO_T=''
EGREP='/bin/grep -E'
EXEEXT='.exe'
FGREP='/bin/grep -F'
GREP='/bin/grep'
INSTALL_DATA='${INSTALL} -m 644'
INSTALL_PROGRAM='${INSTALL}'
INSTALL_SCRIPT='${INSTALL}'
INSTALL_STRIP_PROGRAM='$(install_sh) -c -s'
LD='c:/mingw/mingw32/bin/ld.exe'
LDFLAGS=''
LIBOBJS=''
LIBS=''
LIBTOOL='$(SHELL) $(top_builddir)/libtool'
LIPO=''
LN_S='cp -pR'
LTLIBOBJS=''
MAKEINFO='${SHELL} /source/CodingLearners/third-sources/cross-platform/enet-1.3.13-multicast/missing makeinfo'
MANIFEST_TOOL=':'
MKDIR_P='/bin/mkdir -p'
NM='/mingw/bin/nm'
NMEDIT=''
OBJDUMP='objdump'
OBJEXT='o'
OTOOL64=''
OTOOL=''
PACKAGE='libenet'
PACKAGE_BUGREPORT=''
PACKAGE_NAME='libenet'
PACKAGE_STRING='libenet 1.3.13'
PACKAGE_TARNAME='libenet'
PACKAGE_URL=''
PACKAGE_VERSION='1.3.13'
PATH_SEPARATOR=':'
RANLIB='ranlib'
SED='/bin/sed'
SET_MAKE=''
SHELL='/bin/sh'
STRIP='strip'
VERSION='1.3.13'
ac_ct_AR='ar'
ac_ct_CC='gcc'
ac_ct_DUMPBIN=''
am__EXEEXT_FALSE='#'
am__EXEEXT_TRUE=''
am__fastdepCC_FALSE='#'
am__fastdepCC_TRUE=''
am__include='include'
am__isrc=''
am__leading_dot='.'
am__nodep='_no'
am__quote=''
am__tar='$${TAR-tar} chof - "$$tardir"'
am__untar='$${TAR-tar} xf -'
bindir='${exec_prefix}/bin'
build='i686-pc-mingw32'
build_alias=''
build_cpu='i686'
build_os='mingw32'
build_vendor='pc'
datadir='${datarootdir}'
datarootdir='${prefix}/share'
docdir='${datarootdir}/doc/${PACKAGE_TARNAME}'
dvidir='${docdir}'
exec_prefix='${prefix}'
host='i686-pc-mingw32'
host_alias=''
host_cpu='i686'
host_os='mingw32'
host_vendor='pc'
htmldir='${docdir}'
includedir='${prefix}/include'
infodir='${datarootdir}/info'
install_sh='${SHELL} /source/CodingLearners/third-sources/cross-platform/enet-1.3.13-multicast/install-sh'
libdir='${exec_prefix}/lib'
libexecdir='${exec_prefix}/libexec'
localedir='${datarootdir}/locale'
localstatedir='${prefix}/var'
mandir='${datarootdir}/man'
mkdir_p='$(MKDIR_P)'
oldincludedir='/usr/include'
pdfdir='${docdir}'
prefix='/usr/local'
program_transform_name='s,x,x,'
psdir='${docdir}'
sbindir='${exec_prefix}/sbin'
sharedstatedir='${prefix}/com'
sysconfdir='${prefix}/etc'
target_alias=''

## ----------- ##
## confdefs.h. ##
## ----------- ##

/* confdefs.h */
#define PACKAGE_NAME "libenet"
#define PACKAGE_TARNAME "libenet"
#define PACKAGE_VERSION "1.3.13"
#define PACKAGE_STRING "libenet 1.3.13"
#define PACKAGE_BUGREPORT ""
#define PACKAGE_URL ""
#define PACKAGE "libenet"
#define VERSION "1.3.13"
#define STDC_HEADERS 1
#define HAVE_SYS_TYPES_H 1
#define HAVE_SYS_STAT_H 1
#define HAVE_STDLIB_H 1
#define HAVE_STRING_H 1
#define HAVE_MEMORY_H 1
#define HAVE_STRINGS_H 1
#define HAVE_INTTYPES_H 1
#define HAVE_STDINT_H 1
#define HAVE_UNISTD_H 1
#define HAVE_DLFCN_H 1
#define LT_OBJDIR ".libs/"

configure: exit 0
