f:\source\libnids-1.19-for-win32\libnids-1.19\win32-prj\debug\vc120.pdb
f:\source\libnids-1.19-for-win32\libnids-1.19\win32-prj\debug\vc120.idb
f:\source\libnids-1.19-for-win32\libnids-1.19\win32-prj\debug\allpromisc.obj
f:\source\libnids-1.19-for-win32\libnids-1.19\win32-prj\debug\checksum.obj
f:\source\libnids-1.19-for-win32\libnids-1.19\win32-prj\debug\getopt.obj
f:\source\libnids-1.19-for-win32\libnids-1.19\win32-prj\debug\hash.obj
f:\source\libnids-1.19-for-win32\libnids-1.19\win32-prj\debug\ip_fragment.obj
f:\source\libnids-1.19-for-win32\libnids-1.19\win32-prj\debug\ip_options.obj
f:\source\libnids-1.19-for-win32\libnids-1.19\win32-prj\debug\killtcp.obj
f:\source\libnids-1.19-for-win32\libnids-1.19\win32-prj\debug\libnids.obj
f:\source\libnids-1.19-for-win32\libnids-1.19\win32-prj\debug\misc.obj
f:\source\libnids-1.19-for-win32\libnids-1.19\win32-prj\debug\random.obj
f:\source\libnids-1.19-for-win32\libnids-1.19\win32-prj\debug\scan.obj
f:\source\libnids-1.19-for-win32\libnids-1.19\win32-prj\debug\tcp.obj
f:\source\libnids-1.19-for-win32\libnids-1.19\win32-prj\debug\util.obj
f:\source\libnids-1.19-for-win32\libnids-1.19\win32-prj\debug\libnids.lib
f:\source\libnids-1.19-for-win32\libnids-1.19\win32-prj\.\debug\libnids.lib
f:\source\libnids-1.19-for-win32\libnids-1.19\win32-prj\debug\libnids.tlog\cl.command.1.tlog
f:\source\libnids-1.19-for-win32\libnids-1.19\win32-prj\debug\libnids.tlog\cl.read.1.tlog
f:\source\libnids-1.19-for-win32\libnids-1.19\win32-prj\debug\libnids.tlog\cl.write.1.tlog
f:\source\libnids-1.19-for-win32\libnids-1.19\win32-prj\debug\libnids.tlog\lib-link.read.1.tlog
f:\source\libnids-1.19-for-win32\libnids-1.19\win32-prj\debug\libnids.tlog\lib-link.write.1.tlog
f:\source\libnids-1.19-for-win32\libnids-1.19\win32-prj\debug\libnids.tlog\lib.command.1.tlog
